<?xml version="1.0" encoding="UTF-8"?>
<!-- Generated by org.testng.reporters.JUnitReportReporter -->
<testsuite hostname="DESKTOP-58JQ4SF" name="com.java.testing.basic.Rest.testt" tests="1" failures="0" timestamp="3 Feb 2019 14:15:23 GMT" time="0.014" errors="0">
  <testcase name="abc" time="0.014" classname="com.java.testing.basic.Rest.testt"/>
</testsuite> <!-- com.java.testing.basic.Rest.testt -->
